<?xml version="1.0" encoding="UTF-8"?>
<!-- Generated by org.testng.reporters.JUnitReportReporter -->
<testsuite hostname="LAPTOP-CNDO9REH" failures="0" tests="4" name="TestNg_Basics.ExcludeTest_Ng" time="0.009" errors="0" timestamp="2022-11-10T12:39:56 IST" skipped="0">
  <testcase classname="TestNg_Basics.ExcludeTest_Ng" name="login" time="0.007"/>
  <system-out/>
  <testcase classname="TestNg_Basics.ExcludeTest_Ng" name="register" time="0.001"/>
  <system-out/>
  <testcase classname="TestNg_Basics.ExcludeTest_Ng" name="search" time="0.001"/>
  <system-out/>
  <testcase classname="TestNg_Basics.ExcludeTest_Ng" name="logout" time="0.000"/>
  <system-out/>
</testsuite> <!-- TestNg_Basics.ExcludeTest_Ng -->
