<?xml version="1.0" encoding="UTF-8"?>
<!-- Generated by org.testng.reporters.JUnitReportReporter -->
<testsuite hostname="LAPTOP-CNDO9REH" failures="0" tests="2" name="Revision_Scripts.new_Multiple_data" time="41.018" errors="0" timestamp="2022-11-14T10:44:03 IST" skipped="0">
  <testcase classname="Revision_Scripts.new_Multiple_data" name="testdata" time="20.735"/>
  <system-out/>
  <testcase classname="Revision_Scripts.new_Multiple_data" name="testdata" time="20.283"/>
  <system-out/>
</testsuite> <!-- Revision_Scripts.new_Multiple_data -->
