<?xml version="1.0" encoding="UTF-8"?>
<!-- Generated by org.testng.reporters.JUnitReportReporter -->
<testsuite hostname="LAPTOP-CNDO9REH" failures="0" tests="1" name="pom_testcases.DWS_Apparel_Shoes_Test" time="3.060" errors="0" timestamp="2022-11-24T11:59:08 IST" skipped="0">
  <testcase classname="pom_testcases.DWS_Apparel_Shoes_Test" name="apparel_shoes" time="3.060"/>
  <system-out/>
</testsuite> <!-- pom_testcases.DWS_Apparel_Shoes_Test -->
