<?xml version="1.0" encoding="UTF-8"?>
<!-- Generated by org.testng.reporters.JUnitReportReporter -->
<testsuite hostname="LAPTOP-CNDO9REH" failures="0" tests="1" name="Revision_Scripts.Excel_sheets" time="0.362" errors="0" timestamp="2022-11-16T15:24:00 IST" skipped="0">
  <testcase classname="Revision_Scripts.Excel_sheets" name="Excel_sheet_Testdata" time="0.362"/>
  <system-out/>
</testsuite> <!-- Revision_Scripts.Excel_sheets -->
