<?xml version="1.0" encoding="UTF-8"?>
<!-- Generated by org.testng.reporters.JUnitReportReporter -->
<testsuite hostname="LAPTOP-CNDO9REH" failures="0" tests="1" name="Test_Cases.Search_TC" time="0.775" errors="0" timestamp="2022-11-10T12:58:54 IST" skipped="0">
  <testcase classname="Test_Cases.Search_TC" name="Search" time="0.775"/>
  <system-out/>
</testsuite> <!-- Test_Cases.Search_TC -->
