<?xml version="1.0" encoding="UTF-8"?>
<!-- Generated by org.testng.reporters.JUnitReportReporter -->
<testsuite hostname="LAPTOP-CNDO9REH" failures="0" tests="1" name="TestNg_Basics.Working_with_PropertyFile" time="0.005" errors="0" timestamp="2022-11-15T15:43:02 IST" skipped="0">
  <testcase classname="TestNg_Basics.Working_with_PropertyFile" name="PropertyDemo" time="0.005"/>
  <system-out/>
</testsuite> <!-- TestNg_Basics.Working_with_PropertyFile -->
