<?xml version="1.0" encoding="UTF-8"?>
<!-- Generated by org.testng.reporters.JUnitReportReporter -->
<testsuite hostname="LAPTOP-CNDO9REH" failures="0" tests="2" name="TestNg_Basics.Include_TestNG" time="0.006" errors="0" timestamp="2022-11-10T12:22:27 IST" skipped="0">
  <testcase classname="TestNg_Basics.Include_TestNG" name="login" time="0.001"/>
  <system-out/>
  <testcase classname="TestNg_Basics.Include_TestNG" name="register" time="0.005"/>
  <system-out/>
</testsuite> <!-- TestNg_Basics.Include_TestNG -->
