<?xml version="1.0" encoding="UTF-8"?>
<!-- Generated by org.testng.reporters.JUnitReportReporter -->
<testsuite hostname="LAPTOP-CNDO9REH" failures="0" tests="1" name="pom_testcases.DWS_Digital_Downloads_Test" time="1.502" errors="0" timestamp="2022-11-24T11:59:08 IST" skipped="0">
  <testcase classname="pom_testcases.DWS_Digital_Downloads_Test" name="digital_downloads" time="1.502"/>
  <system-out/>
</testsuite> <!-- pom_testcases.DWS_Digital_Downloads_Test -->
