<?xml version="1.0" encoding="UTF-8"?>
<!-- Generated by org.testng.reporters.JUnitReportReporter -->
<testsuite hostname="LAPTOP-CNDO9REH" failures="0" tests="1" name="TestNg_Basics.Parallel_Execution1" time="27.456" errors="0" timestamp="2022-11-11T12:30:12 IST" skipped="0">
  <testcase classname="TestNg_Basics.Parallel_Execution1" name="browser" time="27.456"/>
  <system-out/>
</testsuite> <!-- TestNg_Basics.Parallel_Execution1 -->
