<?xml version="1.0" encoding="UTF-8"?>
<!-- Generated by org.testng.reporters.JUnitReportReporter -->
<testsuite hostname="LAPTOP-CNDO9REH" failures="0" tests="1" name="pom_testcases.DWS_Vote_Test" time="0.133" errors="0" timestamp="2022-11-21T17:29:12 IST" skipped="0">
  <testcase classname="pom_testcases.DWS_Vote_Test" name="vote" time="0.133"/>
  <system-out/>
</testsuite> <!-- pom_testcases.DWS_Vote_Test -->
