<?xml version="1.0" encoding="UTF-8"?>
<!-- Generated by org.testng.reporters.JUnitReportReporter -->
<testsuite hostname="LAPTOP-CNDO9REH" failures="0" tests="4" name="TestNg_Basics.Parallel_Execution_Browser__invocation_count" time="27.797" errors="0" timestamp="2022-11-13T22:35:25 IST" skipped="0">
  <testcase classname="TestNg_Basics.Parallel_Execution_Browser__invocation_count" name="browser" time="5.395"/>
  <system-out/>
  <testcase classname="TestNg_Basics.Parallel_Execution_Browser__invocation_count" name="browser" time="6.180"/>
  <system-out/>
  <testcase classname="TestNg_Basics.Parallel_Execution_Browser__invocation_count" name="browser" time="7.972"/>
  <system-out/>
  <testcase classname="TestNg_Basics.Parallel_Execution_Browser__invocation_count" name="browser" time="8.250"/>
  <system-out/>
</testsuite> <!-- TestNg_Basics.Parallel_Execution_Browser__invocation_count -->
