<?xml version="1.0" encoding="UTF-8"?>
<!-- Generated by org.testng.reporters.JUnitReportReporter -->
<testsuite hostname="LAPTOP-CNDO9REH" failures="0" tests="3" name="Revision_Scripts.computers" time="1.052" errors="0" timestamp="2022-11-10T22:28:59 IST" skipped="0">
  <testcase classname="Revision_Scripts.computers" name="register" time="0.003"/>
  <system-out/>
  <testcase classname="Revision_Scripts.computers" name="login" time="0.015"/>
  <system-out/>
  <testcase classname="Revision_Scripts.computers" name="testcase2" time="1.034"/>
  <system-out/>
</testsuite> <!-- Revision_Scripts.computers -->
