<?xml version="1.0" encoding="UTF-8"?>
<!-- Generated by org.testng.reporters.JUnitReportReporter -->
<testsuite hostname="LAPTOP-CNDO9REH" failures="0" tests="5" name="TestNg_Basics.Priority_method" time="0.013" errors="0" timestamp="2022-11-10T11:22:57 IST" skipped="0">
  <testcase classname="TestNg_Basics.Priority_method" name="register" time="0.006"/>
  <system-out/>
  <testcase classname="TestNg_Basics.Priority_method" name="login" time="0.002"/>
  <system-out/>
  <testcase classname="TestNg_Basics.Priority_method" name="search" time="0.001"/>
  <system-out/>
  <testcase classname="TestNg_Basics.Priority_method" name="wishlist" time="0.002"/>
  <system-out/>
  <testcase classname="TestNg_Basics.Priority_method" name="logout" time="0.002"/>
  <system-out/>
</testsuite> <!-- TestNg_Basics.Priority_method -->
