<?xml version="1.0" encoding="UTF-8"?>
<!-- Generated by org.testng.reporters.JUnitReportReporter -->
<testsuite hostname="LAPTOP-CNDO9REH" failures="0" tests="1" name="TestNg_Basics.Working_with_Excel" time="0.380" errors="0" timestamp="2022-11-15T17:52:53 IST" skipped="0">
  <testcase classname="TestNg_Basics.Working_with_Excel" name="exceldemo" time="0.380"/>
  <system-out/>
</testsuite> <!-- TestNg_Basics.Working_with_Excel -->
