<?xml version="1.0" encoding="UTF-8"?>
<!-- Generated by org.testng.reporters.JUnitReportReporter -->
<testsuite hostname="LAPTOP-CNDO9REH" failures="0" tests="5" name="Test_Cases.Multiple_Test_Data" time="81.951" errors="0" timestamp="2022-11-13T22:01:23 IST" skipped="0">
  <testcase classname="Test_Cases.Multiple_Test_Data" name="Search_product" time="23.134"/>
  <system-out/>
  <testcase classname="Test_Cases.Multiple_Test_Data" name="Search_product" time="20.762"/>
  <system-out/>
  <testcase classname="Test_Cases.Multiple_Test_Data" name="Search_product" time="5.446"/>
  <system-out/>
  <testcase classname="Test_Cases.Multiple_Test_Data" name="Search_product" time="8.148"/>
  <system-out/>
  <testcase classname="Test_Cases.Multiple_Test_Data" name="Search_product" time="24.461"/>
  <system-out/>
</testsuite> <!-- Test_Cases.Multiple_Test_Data -->
