<?xml version="1.0" encoding="UTF-8"?>
<!-- Generated by org.testng.reporters.JUnitReportReporter -->
<testsuite hostname="LAPTOP-CNDO9REH" failures="0" tests="1" name="pom_testcases.DWS_Mouseover_Desktop_Test" time="0.946" errors="0" timestamp="2022-11-19T13:21:55 IST" skipped="0">
  <testcase classname="pom_testcases.DWS_Mouseover_Desktop_Test" name="computer_Desktops" time="0.946"/>
  <system-out/>
</testsuite> <!-- pom_testcases.DWS_Mouseover_Desktop_Test -->
