<?xml version="1.0" encoding="UTF-8"?>
<!-- Generated by org.testng.reporters.JUnitReportReporter -->
<testsuite hostname="LAPTOP-CNDO9REH" failures="0" tests="1" name="flipkart.Test_Script" time="3.243" errors="0" timestamp="2022-11-17T00:37:16 IST" skipped="0">
  <testcase classname="flipkart.Test_Script" name="flipkart" time="3.243"/>
  <system-out/>
</testsuite> <!-- flipkart.Test_Script -->
