<?xml version="1.0" encoding="UTF-8"?>
<!-- Generated by org.testng.reporters.JUnitReportReporter -->
<testsuite hostname="LAPTOP-CNDO9REH" failures="0" tests="5" name="TestNg_Basics.Depends_on_Methods" time="0.009" errors="0" timestamp="2022-11-10T11:06:16 IST" skipped="0">
  <testcase classname="TestNg_Basics.Depends_on_Methods" name="logout" time="0.001"/>
  <system-out/>
  <testcase classname="TestNg_Basics.Depends_on_Methods" name="search" time="0.001"/>
  <system-out/>
  <testcase classname="TestNg_Basics.Depends_on_Methods" name="register" time="0.005"/>
  <system-out/>
  <testcase classname="TestNg_Basics.Depends_on_Methods" name="login" time="0.001"/>
  <system-out/>
  <testcase classname="TestNg_Basics.Depends_on_Methods" name="wishlist" time="0.001"/>
  <system-out/>
</testsuite> <!-- TestNg_Basics.Depends_on_Methods -->
