<?xml version="1.0" encoding="UTF-8"?>
<!-- Generated by org.testng.reporters.JUnitReportReporter -->
<testsuite hostname="LAPTOP-CNDO9REH" failures="0" tests="1" name="Revision_Scripts.Computer" time="6.210" errors="0" timestamp="2022-11-09T21:04:50 IST" skipped="0">
  <testcase classname="Revision_Scripts.Computer" name="testcase1" time="6.210"/>
  <system-out/>
</testsuite> <!-- Revision_Scripts.Computer -->
