<?xml version="1.0" encoding="UTF-8"?>
<!-- Generated by org.testng.reporters.JUnitReportReporter -->
<testsuite hostname="LAPTOP-CNDO9REH" failures="0" tests="2" name="pom_testcases.DWS_Login_Test" time="3.380" errors="0" timestamp="2022-11-21T17:29:12 IST" skipped="0">
  <testcase classname="pom_testcases.DWS_Login_Test" name="Testcase_login" time="1.840"/>
  <system-out/>
  <testcase classname="pom_testcases.DWS_Login_Test" name="Testcase_login" time="1.540"/>
  <system-out/>
</testsuite> <!-- pom_testcases.DWS_Login_Test -->
