<?xml version="1.0" encoding="UTF-8"?>
<!-- Generated by org.testng.reporters.JUnitReportReporter -->
<testsuite hostname="LAPTOP-CNDO9REH" failures="0" tests="1" name="pom_testcases.DWS_Advance_search_Test" time="2.633" errors="0" timestamp="2022-11-24T11:59:08 IST" skipped="0">
  <testcase classname="pom_testcases.DWS_Advance_search_Test" name="advancesearch" time="2.633"/>
  <system-out/>
</testsuite> <!-- pom_testcases.DWS_Advance_search_Test -->
