<?xml version="1.0" encoding="UTF-8"?>
<!-- Generated by org.testng.reporters.JUnitReportReporter -->
<testsuite hostname="LAPTOP-CNDO9REH" failures="0" tests="4" name="TestNg_Basics.Alphabeticle_order" time="0.011" errors="0" timestamp="2022-11-09T13:00:05 IST" skipped="0">
  <testcase classname="TestNg_Basics.Alphabeticle_order" name="busstop" time="0.002"/>
  <system-out/>
  <testcase classname="TestNg_Basics.Alphabeticle_order" name="autostand" time="0.006"/>
  <system-out/>
  <testcase classname="TestNg_Basics.Alphabeticle_order" name="medicalshop" time="0.002"/>
  <system-out/>
  <testcase classname="TestNg_Basics.Alphabeticle_order" name="taxistand" time="0.001"/>
  <system-out/>
</testsuite> <!-- TestNg_Basics.Alphabeticle_order -->
