<?xml version="1.0" encoding="UTF-8"?>
<!-- Generated by org.testng.reporters.JUnitReportReporter -->
<testsuite hostname="LAPTOP-CNDO9REH" failures="0" tests="1" name="Test_Cases.Login_TC" time="1.234" errors="0" timestamp="2022-11-14T13:08:11 IST" skipped="0">
  <testcase classname="Test_Cases.Login_TC" name="login" time="1.234"/>
  <system-out/>
</testsuite> <!-- Test_Cases.Login_TC -->
