<?xml version="1.0" encoding="UTF-8"?>
<!-- Generated by org.testng.reporters.JUnitReportReporter -->
<testsuite hostname="LAPTOP-CNDO9REH" failures="0" tests="1" name="pom_testcases.DWS_Mouseover_Notebook" time="1.010" errors="0" timestamp="2022-11-19T13:28:15 IST" skipped="0">
  <testcase classname="pom_testcases.DWS_Mouseover_Notebook" name="computer_notebook" time="1.010"/>
  <system-out/>
</testsuite> <!-- pom_testcases.DWS_Mouseover_Notebook -->
