<?xml version="1.0" encoding="UTF-8"?>
<!-- Generated by org.testng.reporters.JUnitReportReporter -->
<testsuite hostname="LAPTOP-CNDO9REH" failures="0" tests="1" name="pom_testcases.DWS_Subscribe_Test" time="0.128" errors="0" timestamp="2022-11-21T17:29:12 IST" skipped="0">
  <testcase classname="pom_testcases.DWS_Subscribe_Test" name="subscribe" time="0.128"/>
  <system-out/>
</testsuite> <!-- pom_testcases.DWS_Subscribe_Test -->
