<?xml version="1.0" encoding="UTF-8"?>
<!-- Generated by org.testng.reporters.JUnitReportReporter -->
<testsuite hostname="LAPTOP-CNDO9REH" failures="0" tests="6" name="TestNg_Basics.Data_provider" time="0.012" errors="0" timestamp="2022-11-13T21:52:16 IST" skipped="0">
  <testcase classname="TestNg_Basics.Data_provider" name="TestDataDemo" time="0.001"/>
  <system-out/>
  <testcase classname="TestNg_Basics.Data_provider" name="TestDataDemo" time="0.001"/>
  <system-out/>
  <testcase classname="TestNg_Basics.Data_provider" name="TestDataDemo" time="0.001"/>
  <system-out/>
  <testcase classname="TestNg_Basics.Data_provider" name="TestDataDemo" time="0.001"/>
  <system-out/>
  <testcase classname="TestNg_Basics.Data_provider" name="TestDataDemo" time="0.001"/>
  <system-out/>
  <testcase classname="TestNg_Basics.Data_provider" name="TestDataDemo" time="0.007"/>
  <system-out/>
</testsuite> <!-- TestNg_Basics.Data_provider -->
