<?xml version="1.0" encoding="UTF-8"?>
<!-- Generated by org.testng.reporters.JUnitReportReporter -->
<testsuite hostname="LAPTOP-CNDO9REH" failures="0" tests="1" name="Revision_Scripts.Radiobuttons" time="0.008" errors="0" timestamp="2022-11-10T22:35:45 IST" skipped="0">
  <testcase classname="Revision_Scripts.Radiobuttons" name="logout" time="0.008"/>
  <system-out/>
</testsuite> <!-- Revision_Scripts.Radiobuttons -->
