<?xml version="1.0" encoding="UTF-8"?>
<!-- Generated by org.testng.reporters.JUnitReportReporter -->
<testsuite hostname="LAPTOP-CNDO9REH" failures="0" tests="1" name="Revision_Scripts.Script_2" time="0.980" errors="0" timestamp="2022-11-09T20:55:51 IST" skipped="0">
  <testcase classname="Revision_Scripts.Script_2" name="test_steps" time="0.980"/>
  <system-out/>
</testsuite> <!-- Revision_Scripts.Script_2 -->
