<?xml version="1.0" encoding="UTF-8"?>
<!-- Generated by org.testng.reporters.JUnitReportReporter -->
<testsuite hostname="LAPTOP-CNDO9REH" failures="0" tests="1" name="Test_Cases.TestCase_1" time="1.951" errors="0" timestamp="2022-11-09T19:27:35 IST" skipped="0">
  <testcase classname="Test_Cases.TestCase_1" name="test" time="1.951"/>
  <system-out/>
</testsuite> <!-- Test_Cases.TestCase_1 -->
