<?xml version="1.0" encoding="UTF-8"?>
<!-- Generated by org.testng.reporters.JUnitReportReporter -->
<testsuite hostname="LAPTOP-CNDO9REH" failures="0" tests="1" name="Test_Cases.dropdown" time="1.607" errors="0" timestamp="2022-11-15T00:14:21 IST" skipped="0">
  <testcase classname="Test_Cases.dropdown" name="dropdown" time="1.607"/>
  <system-out/>
</testsuite> <!-- Test_Cases.dropdown -->
