<?xml version="1.0" encoding="UTF-8"?>
<!-- Generated by org.testng.reporters.JUnitReportReporter -->
<testsuite hostname="LAPTOP-CNDO9REH" failures="0" tests="1" name="TestNg_Basics.Group_Test1" time="0.001" errors="0" timestamp="2022-11-10T16:24:25 IST" skipped="0">
  <testcase classname="TestNg_Basics.Group_Test1" name="search" time="0.001"/>
  <system-out/>
</testsuite> <!-- TestNg_Basics.Group_Test1 -->
