<?xml version="1.0" encoding="UTF-8"?>
<!-- Generated by org.testng.reporters.JUnitReportReporter -->
<testsuite hostname="LAPTOP-CNDO9REH" failures="0" tests="4" name="TestNg_Basics.Medicalshop" time="0.010" errors="0" timestamp="2022-11-09T12:24:19 IST" skipped="0">
  <testcase classname="TestNg_Basics.Medicalshop" name="autostand" time="0.005"/>
  <system-out/>
  <testcase classname="TestNg_Basics.Medicalshop" name="busstop" time="0.002"/>
  <system-out/>
  <testcase classname="TestNg_Basics.Medicalshop" name="medicalshop" time="0.001"/>
  <system-out/>
  <testcase classname="TestNg_Basics.Medicalshop" name="taxistand" time="0.002"/>
  <system-out/>
</testsuite> <!-- TestNg_Basics.Medicalshop -->
