<?xml version="1.0" encoding="UTF-8"?>
<!-- Generated by org.testng.reporters.JUnitReportReporter -->
<testsuite hostname="LAPTOP-CNDO9REH" failures="0" tests="1" name="TestNg_Basics.Parallel_Execution" time="20.654" errors="0" timestamp="2022-11-11T13:26:52 IST" skipped="0">
  <testcase classname="TestNg_Basics.Parallel_Execution" name="browser" time="20.654"/>
  <system-out/>
</testsuite> <!-- TestNg_Basics.Parallel_Execution -->
